<?xml version="1.0" encoding="UTF-8"?>
<testng-results skipped="0" failed="0" ignored="0" total="1" passed="1">
  <reporter-output>
  </reporter-output>
  <suite name="WebDriver" duration-ms="8655" started-at="2019-03-08T19:51:15Z" finished-at="2019-03-08T19:51:23Z">
    <groups>
    </groups>
    <test name="Test" duration-ms="8655" started-at="2019-03-08T19:51:15Z" finished-at="2019-03-08T19:51:23Z">
      <class name="TestNG.addressbook">
        <test-method status="PASS" signature="launch()[pri:0, instance:TestNG.addressbook@57baeedf]" name="launch" is-config="true" duration-ms="4387" started-at="2019-03-08T19:51:15Z" finished-at="2019-03-08T19:51:19Z">
          <reporter-output>
          </reporter-output>
        </test-method> <!-- launch -->
        <test-method status="PASS" signature="verifyAddBook()[pri:0, instance:TestNG.addressbook@57baeedf]" name="verifyAddBook" duration-ms="4203" started-at="2019-03-08T19:51:19Z" finished-at="2019-03-08T19:51:23Z">
          <reporter-output>
          </reporter-output>
        </test-method> <!-- verifyAddBook -->
        <test-method status="PASS" signature="close()[pri:0, instance:TestNG.addressbook@57baeedf]" name="close" is-config="true" duration-ms="0" started-at="2019-03-08T19:51:23Z" finished-at="2019-03-08T19:51:23Z">
          <reporter-output>
          </reporter-output>
        </test-method> <!-- close -->
      </class> <!-- TestNG.addressbook -->
    </test> <!-- Test -->
  </suite> <!-- WebDriver -->
</testng-results>
